2024-03-02T15:06:30.854+05:30  INFO 15908 --- [main] i.a.s.SpringbootLoggingApplication       : Starting SpringbootLoggingApplication using Java 17.0.9 with PID 15908 (C:\Users\shara\sts\springboot-logging\target\classes started by shara in C:\Users\shara\sts\springboot-logging)
2024-03-02T15:06:30.856+05:30  INFO 15908 --- [main] i.a.s.SpringbootLoggingApplication       : No active profile set, falling back to 1 default profile: "default"
2024-03-02T15:06:31.579+05:30  INFO 15908 --- [main] o.s.b.w.embedded.tomcat.TomcatWebServer  : Tomcat initialized with port 8080 (http)
2024-03-02T15:06:31.589+05:30  INFO 15908 --- [main] o.apache.catalina.core.StandardService   : Starting service [Tomcat]
2024-03-02T15:06:31.589+05:30  INFO 15908 --- [main] o.apache.catalina.core.StandardEngine    : Starting Servlet engine: [Apache Tomcat/10.1.19]
2024-03-02T15:06:31.635+05:30  INFO 15908 --- [main] o.a.c.c.C.[Tomcat].[localhost].[/]       : Initializing Spring embedded WebApplicationContext
2024-03-02T15:06:31.635+05:30  INFO 15908 --- [main] w.s.c.ServletWebServerApplicationContext : Root WebApplicationContext: initialization completed in 732 ms
2024-03-02T15:06:31.913+05:30  INFO 15908 --- [main] o.s.b.w.embedded.tomcat.TomcatWebServer  : Tomcat started on port 8080 (http) with context path ''
2024-03-02T15:06:31.919+05:30  INFO 15908 --- [main] i.a.s.SpringbootLoggingApplication       : Started SpringbootLoggingApplication in 1.443 seconds (process running for 2.055)
2024-03-02T15:06:48.996+05:30  INFO 15908 --- [RMI TCP Connection(6)-127.0.0.1] inMXBeanRegistrar$SpringApplicationAdmin : Application shutdown requested.
2024-03-02T15:07:00.021+05:30  INFO 1836 --- [main] i.a.s.SpringbootLoggingApplication       : Starting SpringbootLoggingApplication using Java 17.0.9 with PID 1836 (C:\Users\shara\sts\springboot-logging\target\classes started by shara in C:\Users\shara\sts\springboot-logging)
2024-03-02T15:07:00.025+05:30  INFO 1836 --- [main] i.a.s.SpringbootLoggingApplication       : No active profile set, falling back to 1 default profile: "default"
2024-03-02T15:07:00.745+05:30  INFO 1836 --- [main] o.s.b.w.embedded.tomcat.TomcatWebServer  : Tomcat initialized with port 8080 (http)
2024-03-02T15:07:00.755+05:30  INFO 1836 --- [main] o.apache.catalina.core.StandardService   : Starting service [Tomcat]
2024-03-02T15:07:00.755+05:30  INFO 1836 --- [main] o.apache.catalina.core.StandardEngine    : Starting Servlet engine: [Apache Tomcat/10.1.19]
2024-03-02T15:07:00.799+05:30  INFO 1836 --- [main] o.a.c.c.C.[Tomcat].[localhost].[/]       : Initializing Spring embedded WebApplicationContext
2024-03-02T15:07:00.800+05:30  INFO 1836 --- [main] w.s.c.ServletWebServerApplicationContext : Root WebApplicationContext: initialization completed in 722 ms
2024-03-02T15:07:01.085+05:30  INFO 1836 --- [main] o.s.b.w.embedded.tomcat.TomcatWebServer  : Tomcat started on port 8080 (http) with context path ''
2024-03-02T15:07:01.092+05:30  INFO 1836 --- [main] i.a.s.SpringbootLoggingApplication       : Started SpringbootLoggingApplication in 1.447 seconds (process running for 2.055)
2024-03-02T15:08:06.253+05:30  INFO 1836 --- [http-nio-8080-exec-1] o.a.c.c.C.[Tomcat].[localhost].[/]       : Initializing Spring DispatcherServlet 'dispatcherServlet'
2024-03-02T15:08:06.253+05:30  INFO 1836 --- [http-nio-8080-exec-1] o.s.web.servlet.DispatcherServlet        : Initializing Servlet 'dispatcherServlet'
2024-03-02T15:08:06.253+05:30  INFO 1836 --- [http-nio-8080-exec-1] o.s.web.servlet.DispatcherServlet        : Completed initialization in 0 ms
2024-03-02T15:08:06.302+05:30  INFO 1836 --- [http-nio-8080-exec-1] i.a.s.service.MsgService                 : getWelcomeMsg() - started...
2024-03-02T15:08:06.302+05:30  INFO 1836 --- [http-nio-8080-exec-1] i.a.s.service.MsgService                 : getWelcomeMsg() - ended....
2024-03-02T15:08:30.646+05:30  INFO 1836 --- [RMI TCP Connection(11)-127.0.0.1] inMXBeanRegistrar$SpringApplicationAdmin : Application shutdown requested.
